[debug] [2021-11-11T06:39:17.722Z] ----------------------------------------------------------------------
[debug] [2021-11-11T06:39:17.724Z] Command:       C:\Program Files\nodejs\node.exe C:\Users\I5 11th with touch\AppData\Roaming\npm\node_modules\firebase-tools\lib\bin\firebase.js init
[debug] [2021-11-11T06:39:17.724Z] CLI Version:   9.22.0
[debug] [2021-11-11T06:39:17.724Z] Platform:      win32
[debug] [2021-11-11T06:39:17.725Z] Node Version:  v16.13.0
[debug] [2021-11-11T06:39:17.725Z] Time:          Thu Nov 11 2021 12:09:17 GMT+0530 (India Standard Time)
[debug] [2021-11-11T06:39:17.726Z] ----------------------------------------------------------------------
[debug] 
[debug] [2021-11-11T06:39:17.732Z] > command requires scopes: ["email","openid","https://www.googleapis.com/auth/cloudplatformprojects.readonly","https://www.googleapis.com/auth/firebase","https://www.googleapis.com/auth/cloud-platform"]
[debug] [2021-11-11T06:39:17.733Z] > authorizing via signed-in user (ksathyavardhanec@gmail.com)
[info] 
     ######## #### ########  ######## ########     ###     ######  ########
     ##        ##  ##     ## ##       ##     ##  ##   ##  ##       ##
     ######    ##  ########  ######   ########  #########  ######  ######
     ##        ##  ##    ##  ##       ##     ## ##     ##       ## ##
     ##       #### ##     ## ######## ########  ##     ##  ######  ########

You're about to initialize a Firebase project in this directory:

  D:\Softwares\sublime\IceCreamShop\IceCreamShop

[info] 
=== Project Setup
[info] 
[info] First, let's associate this project directory with a Firebase project.
[info] You can create multiple project aliases by running firebase use --add, 
[info] but for now we'll just set up a default project.
[info] 
[debug] [2021-11-11T06:40:52.494Z] >>> [apiv2][query] GET https://firebase.googleapis.com/v1beta1/projects pageSize=100
[debug] [2021-11-11T06:40:53.562Z] <<< [apiv2][status] GET https://firebase.googleapis.com/v1beta1/projects 200
[debug] [2021-11-11T06:40:53.562Z] <<< [apiv2][body] GET https://firebase.googleapis.com/v1beta1/projects [omitted]
[info] i  Using project sathy-freewebsite (Sathy freewebsite) 
[info] 
=== Hosting Setup
[info] 
[info] Your public directory is the folder (relative to your project directory) that
[info] will contain Hosting assets to be uploaded with firebase deploy. If you
[info] have a build process for your assets, use your build's output directory.
[info] 
