[debug] [2021-11-11T06:59:01.510Z] ----------------------------------------------------------------------
[debug] [2021-11-11T06:59:01.511Z] Command:       C:\Program Files\nodejs\node.exe C:\Users\I5 11th with touch\AppData\Roaming\npm\node_modules\firebase-tools\lib\bin\firebase.js init hosting
[debug] [2021-11-11T06:59:01.512Z] CLI Version:   9.22.0
[debug] [2021-11-11T06:59:01.512Z] Platform:      win32
[debug] [2021-11-11T06:59:01.512Z] Node Version:  v16.13.0
[debug] [2021-11-11T06:59:01.513Z] Time:          Thu Nov 11 2021 12:29:01 GMT+0530 (India Standard Time)
[debug] [2021-11-11T06:59:01.513Z] ----------------------------------------------------------------------
[debug] 
[debug] [2021-11-11T06:59:01.591Z] > command requires scopes: ["email","openid","https://www.googleapis.com/auth/cloudplatformprojects.readonly","https://www.googleapis.com/auth/firebase","https://www.googleapis.com/auth/cloud-platform"]
[debug] [2021-11-11T06:59:01.592Z] > authorizing via signed-in user (ksathyavardhanec@gmail.com)
[info] 
     ######## #### ########  ######## ########     ###     ######  ########
     ##        ##  ##     ## ##       ##     ##  ##   ##  ##       ##
     ######    ##  ########  ######   ########  #########  ######  ######
     ##        ##  ##    ##  ##       ##     ## ##     ##       ## ##
     ##       #### ##     ## ######## ########  ##     ##  ######  ########

You're about to initialize a Firebase project in this directory:

  D:\Softwares\sublime\IceCreamShop\IceCreamShop

Before we get started, keep in mind:

  * You are initializing within an existing Firebase project directory

[info] 
=== Project Setup
[info] 
[info] First, let's associate this project directory with a Firebase project.
[info] You can create multiple project aliases by running firebase use --add, 
[info] but for now we'll just set up a default project.
[info] 
[info] i  .firebaserc already has a default project, using sathy-freewebsite. 
[debug] [2021-11-11T06:59:01.621Z] >>> [apiv2][query] GET https://firebase.googleapis.com/v1beta1/projects/sathy-freewebsite [none]
[debug] [2021-11-11T06:59:02.290Z] <<< [apiv2][status] GET https://firebase.googleapis.com/v1beta1/projects/sathy-freewebsite 200
[debug] [2021-11-11T06:59:02.290Z] <<< [apiv2][body] GET https://firebase.googleapis.com/v1beta1/projects/sathy-freewebsite {"projectId":"sathy-freewebsite","projectNumber":"394353959370","displayName":"Sathy freewebsite","name":"projects/sathy-freewebsite","resources":{"hostingSite":"sathy-freewebsite"},"state":"ACTIVE"}
[info] 
=== Hosting Setup
[info] 
[info] Your public directory is the folder (relative to your project directory) that
[info] will contain Hosting assets to be uploaded with firebase deploy. If you
[info] have a build process for your assets, use your build's output directory.
[info] 
[info] i  Skipping write of yes/404.html 
[debug] [2021-11-11T06:59:57.066Z] >>> [apiv2][query] GET https://www.gstatic.com/firebasejs/releases.json [none]
[debug] [2021-11-11T06:59:57.385Z] <<< [apiv2][status] GET https://www.gstatic.com/firebasejs/releases.json 200
[debug] [2021-11-11T06:59:57.385Z] <<< [apiv2][body] GET https://www.gstatic.com/firebasejs/releases.json {"current":{"version":"9.4.0","browserURL":"https://www.gstatic.com/firebasejs/9.4.0/firebase.js","packageURL":"https://www.gstatic.com/firebasejs/9.4.0/firebase.tgz"},"live":{"version":"9.4","browserURL":"https://www.gstatic.com/firebasejs/live/9.4/firebase.js","packageURL":"https://www.gstatic.com/firebasejs/live/9.4/firebase.tgz"},"components":{"analytics":"https://www.gstatic.com/firebasejs/9.4.0/firebase-analytics.js","app":"https://www.gstatic.com/firebasejs/9.4.0/firebase-app.js","app-check":"https://www.gstatic.com/firebasejs/9.4.0/firebase-app-check.js","auth":"https://www.gstatic.com/firebasejs/9.4.0/firebase-auth.js","auth/cordova":"https://www.gstatic.com/firebasejs/9.4.0/firebase-auth/cordova.js","auth/react-native":"https://www.gstatic.com/firebasejs/9.4.0/firebase-auth/react-native.js","functions":"https://www.gstatic.com/firebasejs/9.4.0/firebase-functions.js","firestore":"https://www.gstatic.com/firebasejs/9.4.0/firebase-firestore.js","firestore/lite":"https://www.gstatic.com/firebasejs/9.4.0/firebase-firestore/lite.js","storage":"https://www.gstatic.com/firebasejs/9.4.0/firebase-storage.js","performance":"https://www.gstatic.com/firebasejs/9.4.0/firebase-performance.js","remote-config":"https://www.gstatic.com/firebasejs/9.4.0/firebase-remote-config.js","messaging":"https://www.gstatic.com/firebasejs/9.4.0/firebase-messaging.js","messaging/sw":"https://www.gstatic.com/firebasejs/9.4.0/firebase-messaging/sw.js","database":"https://www.gstatic.com/firebasejs/9.4.0/firebase-database.js","firestore.memory":"https://www.gstatic.com/firebasejs/9.4.0/firebase-firestore.memory.js"}}
[info] i  Skipping write of yes/index.html 
[info] 
[info] i  Didn't detect a .git folder. Assuming D:\Softwares\sublime\IceCreamShop\IceCreamShop is the project root. 
[info] i  Authorizing with GitHub to upload your service account to a GitHub repository's secrets store. 
[info] 
[info] Visit this URL on this device to log in:
[info] https://github.com/login/oauth/authorize?client_id=89cf50f02ac6aaed3484&state=879295926&redirect_uri=http%3A%2F%2Flocalhost%3A9005&scope=read%3Auser%20repo%20public_repo
[info] 
[info] Waiting for authentication...
[debug] [2021-11-11T07:09:41.816Z] >>> HTTP REQUEST POST https://github.com/login/oauth/access_token  
 {"client_id":"89cf50f02ac6aaed3484","client_secret":"3330d14abc895d9a74d5f17cd7a00711fa2c5bf0","code":"4a654cdebd1cf1b2b9f6","redirect_uri":"http://localhost:9005","state":"879295926"}
[debug] [2021-11-11T07:09:42.747Z] <<< HTTP RESPONSE 200 {"server":"GitHub.com","date":"Thu, 11 Nov 2021 07:09:45 GMT","content-type":"application/json; charset=utf-8","transfer-encoding":"chunked","vary":"X-PJAX, X-PJAX-Container, Accept-Encoding, Accept, X-Requested-With","permissions-policy":"interest-cohort=()","etag":"W/\"e0439f3355fc66148a1e123c5173ea00\"","cache-control":"max-age=0, private, must-revalidate","strict-transport-security":"max-age=31536000; includeSubdomains; preload","x-frame-options":"deny","x-content-type-options":"nosniff","x-xss-protection":"0","referrer-policy":"origin-when-cross-origin, strict-origin-when-cross-origin","expect-ct":"max-age=2592000, report-uri=\"https://api.github.com/_private/browser/errors\"","content-security-policy":"default-src 'none'; base-uri 'self'; block-all-mixed-content; child-src github.com/assets-cdn/worker/ gist.github.com/assets-cdn/worker/; connect-src 'self' uploads.github.com objects-origin.githubusercontent.com www.githubstatus.com collector.githubapp.com api.github.com github-cloud.s3.amazonaws.com github-production-repository-file-5c1aeb.s3.amazonaws.com github-production-upload-manifest-file-7fdce7.s3.amazonaws.com github-production-user-asset-6210df.s3.amazonaws.com cdn.optimizely.com logx.optimizely.com/v1/events translator.github.com wss://alive.github.com; font-src github.githubassets.com; form-action 'self' github.com gist.github.com objects-origin.githubusercontent.com; frame-ancestors 'none'; frame-src render.githubusercontent.com viewscreen.githubusercontent.com notebooks.githubusercontent.com; img-src 'self' data: github.githubassets.com identicons.github.com collector.githubapp.com github-cloud.s3.amazonaws.com secured-user-images.githubusercontent.com/ *.githubusercontent.com; manifest-src 'self'; media-src github.com user-images.githubusercontent.com/; script-src github.githubassets.com; style-src 'unsafe-inline' github.githubassets.com; worker-src github.com/assets-cdn/worker/ gist.github.com/assets-cdn/worker/","x-github-request-id":"C715:539C:70AD:29671:618CC1B9"}
[debug] [2021-11-11T07:09:42.752Z] >>> [apiv2][query] GET https://api.github.com/user [none]
[debug] [2021-11-11T07:09:43.406Z] <<< [apiv2][status] GET https://api.github.com/user 200
[debug] [2021-11-11T07:09:43.406Z] <<< [apiv2][body] GET https://api.github.com/user {"login":"sathyavardh","id":94102256,"node_id":"U_kgDOBZvi8A","avatar_url":"https://avatars.githubusercontent.com/u/94102256?v=4","gravatar_id":"","url":"https://api.github.com/users/sathyavardh","html_url":"https://github.com/sathyavardh","followers_url":"https://api.github.com/users/sathyavardh/followers","following_url":"https://api.github.com/users/sathyavardh/following{/other_user}","gists_url":"https://api.github.com/users/sathyavardh/gists{/gist_id}","starred_url":"https://api.github.com/users/sathyavardh/starred{/owner}{/repo}","subscriptions_url":"https://api.github.com/users/sathyavardh/subscriptions","organizations_url":"https://api.github.com/users/sathyavardh/orgs","repos_url":"https://api.github.com/users/sathyavardh/repos","events_url":"https://api.github.com/users/sathyavardh/events{/privacy}","received_events_url":"https://api.github.com/users/sathyavardh/received_events","type":"User","site_admin":false,"name":null,"company":null,"blog":"","location":null,"email":null,"hireable":null,"bio":null,"twitter_username":null,"public_repos":1,"public_gists":0,"followers":0,"following":0,"created_at":"2021-11-11T07:04:00Z","updated_at":"2021-11-11T07:05:25Z","private_gists":0,"total_private_repos":0,"owned_private_repos":0,"disk_usage":0,"collaborators":0,"two_factor_authentication":false,"plan":{"name":"free","space":976562499,"collaborators":0,"private_repos":10000}}
[info] 
[info] +  Success! Logged into GitHub as sathyavardh 
[info] 
[debug] [2021-11-11T07:09:43.444Z] >>> [apiv2][query] GET https://api.github.com/repos/nnnfirebase init hosting/actions/secrets/public-key type=owner
[debug] [2021-11-11T07:09:43.447Z] >>> [apiv2][query] GET https://api.github.com/repos//actions/secrets/public-key type=owner
[debug] [2021-11-11T07:09:43.449Z] >>> [apiv2][query] GET https://api.github.com/repos//actions/secrets/public-key type=owner
[debug] [2021-11-11T07:09:43.451Z] >>> [apiv2][query] GET https://api.github.com/repos//actions/secrets/public-key type=owner
[debug] [2021-11-11T07:09:43.960Z] <<< [apiv2][status] GET https://api.github.com/repos//actions/secrets/public-key 404
[debug] [2021-11-11T07:09:43.960Z] <<< [apiv2][body] GET https://api.github.com/repos//actions/secrets/public-key {"message":"Not Found","documentation_url":"https://docs.github.com/rest"}
[debug] [2021-11-11T07:09:43.963Z] <<< [apiv2][status] GET https://api.github.com/repos/nnnfirebase init hosting/actions/secrets/public-key 404
[debug] [2021-11-11T07:09:43.963Z] <<< [apiv2][body] GET https://api.github.com/repos/nnnfirebase init hosting/actions/secrets/public-key {"message":"Not Found","documentation_url":"https://docs.github.com/rest"}
[debug] [2021-11-11T07:09:43.969Z] <<< [apiv2][status] GET https://api.github.com/repos//actions/secrets/public-key 404
[debug] [2021-11-11T07:09:43.969Z] <<< [apiv2][body] GET https://api.github.com/repos//actions/secrets/public-key {"message":"Not Found","documentation_url":"https://docs.github.com/rest"}
[debug] [2021-11-11T07:09:43.970Z] <<< [apiv2][status] GET https://api.github.com/repos//actions/secrets/public-key 404
[debug] [2021-11-11T07:09:43.971Z] <<< [apiv2][body] GET https://api.github.com/repos//actions/secrets/public-key {"message":"Not Found","documentation_url":"https://docs.github.com/rest"}
[debug] [2021-11-11T07:09:59.055Z] >>> [apiv2][query] GET https://api.github.com/repos/user/actions/secrets/public-key type=owner
[debug] [2021-11-11T07:09:59.642Z] <<< [apiv2][status] GET https://api.github.com/repos/user/actions/secrets/public-key 404
[debug] [2021-11-11T07:09:59.642Z] <<< [apiv2][body] GET https://api.github.com/repos/user/actions/secrets/public-key {"message":"Not Found","documentation_url":"https://docs.github.com/rest"}
[debug] [2021-11-11T07:10:22.578Z] >>> [apiv2][query] GET https://api.github.com/repos/repository/actions/secrets/public-key type=owner
[debug] [2021-11-11T07:10:23.136Z] <<< [apiv2][status] GET https://api.github.com/repos/repository/actions/secrets/public-key 404
[debug] [2021-11-11T07:10:23.136Z] <<< [apiv2][body] GET https://api.github.com/repos/repository/actions/secrets/public-key {"message":"Not Found","documentation_url":"https://docs.github.com/rest"}
[debug] [2021-11-11T07:10:42.721Z] >>> [apiv2][query] GET https://api.github.com/repos/user/actions/secrets/public-key type=owner
[debug] [2021-11-11T07:10:43.309Z] <<< [apiv2][status] GET https://api.github.com/repos/user/actions/secrets/public-key 404
[debug] [2021-11-11T07:10:43.310Z] <<< [apiv2][body] GET https://api.github.com/repos/user/actions/secrets/public-key {"message":"Not Found","documentation_url":"https://docs.github.com/rest"}
[debug] [2021-11-11T07:10:43.491Z] >>> [apiv2][query] GET https://api.github.com/repos//actions/secrets/public-key type=owner
[debug] [2021-11-11T07:10:43.948Z] <<< [apiv2][status] GET https://api.github.com/repos//actions/secrets/public-key 404
[debug] [2021-11-11T07:10:43.948Z] <<< [apiv2][body] GET https://api.github.com/repos//actions/secrets/public-key {"message":"Not Found","documentation_url":"https://docs.github.com/rest"}
